masses:        e= 9.109e-31; ions in proton mass units:    2.000e+00  4.000e+00 ...
charges:       e=-1.602e-19; charges in elementary units:  1.000e+00  1.800e+01
n:             e:  1.000e+00                           i:  1.000e+00  1.000e-05
thermal T (K): e= 5.802e+07 i= 5.802e+07  5.802e+06. Normalization grid 1: v_0= 6.922e+05 ( 2.309e-03c) n_0= 1.000e+20 t_0= 1.109e-02 1 batched, view batch 0
Domain radius (AMR levels) grid 0: par= 3.029e+02 perp= 3.029e+02 (2) , 1: par= 5.000e+00 perp= 5.000e+00 (1) 
Using default Plex order for all matrices
nu_beta:  4.356112e-16 4.356112e-16 1.411380e-13
alpha[i]*beta[j]:
alpha_nu[0,:]: 8.427101e+18:  3.670940e+03 3.670940e+03 1.189385e+06
alpha_nu[1,:]: 2.295625e+15:  1.000000e+00 1.000000e+00 3.240000e+02
alpha_nu[2,:]: 3.718912e+17:  1.620000e+02 1.620000e+02 5.248800e+04
0) FormLandau 352 IPs, 22 cells total, Nb=16, Nq=16, dim=2, Tab: Nb=16 Nf=3 Np=16 cdim=2 N=324
  0) species-0: charge density= -1.6021846247343e+01 z-momentum=  8.1765616036240e-20 energy=  1.2026929850670e+05
  0) species-1: charge density=  1.6828425723293e+01 z-momentum=  6.2944282800045e-17 energy=  1.1167292277893e+05
  0) species-2: charge density=  6.2227967791685e-06 z-momentum= -5.0975563576935e-21 energy=  6.2691687889626e+00
	  0) Total: charge density=  8.0658569874681e-01, momentum=  6.3020950859723e-17, energy=  2.3194849045441e+05 (m_i[0]/m_e = 3670.94, 14 cells on electron grid)
0 TS dt 0.001 time 0.
    0 SNES Function norm 6.353561171577e-01 
    1 SNES Function norm 7.463662812604e-03 
    2 SNES Function norm 3.699272419341e-04 
    3 SNES Function norm 3.192488038820e-05 
    4 SNES Function norm 3.128005775153e-06 
    5 SNES Function norm 3.107057082756e-07 
    6 SNES Function norm 3.096372905643e-08 
    7 SNES Function norm 3.086658826659e-09 
    8 SNES Function norm 3.072694850658e-10 
    9 SNES Function norm 3.095565519362e-11 
  Nonlinear ex1_ solve converged due to CONVERGED_SNORM_RELATIVE iterations 9
    0 SNES Function norm 2.616168393836e-01 
    1 SNES Function norm 2.894775038662e-03 
    2 SNES Function norm 1.074325757834e-04 
    3 SNES Function norm 5.463583638156e-06 
    4 SNES Function norm 3.066261870815e-07 
    5 SNES Function norm 1.727743836460e-08 
    6 SNES Function norm 9.767144075373e-10 
    7 SNES Function norm 5.543723773186e-11 
  Nonlinear ex1_ solve converged due to CONVERGED_SNORM_RELATIVE iterations 7
    0 SNES Function norm 3.254681148571e-01 
    1 SNES Function norm 3.563777350713e-03 
    2 SNES Function norm 1.264438069797e-04 
    3 SNES Function norm 6.330932552958e-06 
    4 SNES Function norm 3.545851922135e-07 
    5 SNES Function norm 1.994632934245e-08 
    6 SNES Function norm 1.127430261704e-09 
    7 SNES Function norm 6.373264916169e-11 
  Nonlinear ex1_ solve converged due to CONVERGED_SNORM_RELATIVE iterations 7
1 TS dt 0.00125 time 0.001
  1) species-0: charge density= -1.6021846247343e+01 z-momentum=  5.6962137243323e-19 energy=  1.2026865155904e+05
  1) species-1: charge density=  1.6828425723293e+01 z-momentum=  5.9590776926192e-17 energy=  1.1167279973575e+05
  1) species-2: charge density=  6.2227967791667e-06 z-momentum= -3.1492114998251e-21 energy=  7.0391596215730e+00
	  1) Total: charge density=  8.0658569874682e-01, momentum=  6.0157249087125e-17, energy=  2.3194849045441e+05 (m_i[0]/m_e = 3670.94, 14 cells on electron grid)
